{
  "RSpec": {
    "coverage": {
      "/home/mccorner/Dokumenty/5-rok/rubi/lib/node.rb": [
        1,
        null,
        1,
        null,
        1,
        1,
        1,
        null,
        null,
        null,
        1,
        36,
        6,
        null,
        30,
        null,
        null,
        null,
        1,
        6,
        6,
        6,
        6,
        6,
        6,
        6,
        18,
        null,
        null,
        null,
        1,
        30,
        30,
        30,
        30,
        30,
        null,
        null,
        1,
        0,
        null,
        null,
        1,
        31,
        7,
        23,
        1,
        null,
        null,
        null,
        1,
        3,
        null,
        2,
        null,
        null,
        1,
        null,
        null,
        null,
        1,
        2,
        2,
        2,
        null,
        2,
        2,
        2,
        2,
        0,
        null,
        2,
        0,
        null,
        null,
        2,
        2,
        null,
        null,
        1,
        0,
        0,
        0,
        0,
        null,
        0,
        null,
        null,
        null,
        1,
        0,
        null,
        null,
        1,
        0,
        null,
        null,
        1,
        2,
        1,
        null,
        0,
        0,
        null,
        0,
        0,
        null,
        0,
        null,
        null,
        1,
        0,
        null,
        0,
        0,
        0,
        null,
        0,
        0,
        0,
        null,
        0,
        null,
        null,
        1,
        0,
        0,
        0,
        0,
        null,
        0,
        0,
        0,
        null,
        0,
        null,
        null,
        null,
        1,
        1,
        null,
        0,
        null,
        null,
        1,
        0,
        null,
        1,
        null,
        null,
        null,
        null,
        null,
        1,
        4,
        4,
        4,
        null,
        4,
        4,
        4,
        4,
        0,
        null,
        4,
        1,
        null,
        4,
        4,
        4,
        null,
        0,
        null,
        null,
        1,
        2,
        2,
        2,
        null,
        2,
        2,
        2,
        2,
        1,
        null,
        2,
        0,
        null,
        2,
        2,
        2,
        null,
        0,
        null,
        null,
        1,
        8,
        null,
        null,
        1,
        null,
        1,
        7,
        null,
        null,
        1,
        23,
        null,
        null,
        1,
        0,
        0,
        null,
        0,
        null,
        null,
        null,
        1,
        0,
        0,
        0,
        0,
        0,
        null,
        null,
        1,
        null,
        1,
        6,
        null,
        1,
        null,
        3,
        2,
        null,
        null,
        null,
        1,
        1,
        1,
        null,
        0,
        null,
        null,
        null,
        1,
        3,
        3,
        null,
        0,
        null,
        null,
        null,
        1,
        23,
        23,
        23,
        23,
        null,
        null,
        null
      ],
      "/home/mccorner/Dokumenty/5-rok/rubi/lib/empty_node.rb": [
        1,
        null,
        1,
        1,
        1,
        null,
        null,
        1,
        22,
        null,
        null,
        1,
        0,
        null,
        null,
        1,
        0,
        null,
        null,
        1,
        0,
        null,
        null,
        null
      ]
    },
    "timestamp": 1477640311
  }
}
