{
  "RSpec": {
    "coverage": {
      "/home/mccorner/Dokumenty/5-rok/rubi/lib/node.rb": [
        1,
        null,
        1,
        null,
        1,
        1,
        1,
        null,
        null,
        null,
        null,
        1,
        66,
        11,
        null,
        55,
        null,
        null,
        null,
        1,
        11,
        11,
        11,
        11,
        11,
        11,
        11,
        44,
        null,
        null,
        null,
        1,
        55,
        55,
        55,
        55,
        55,
        null,
        null,
        null,
        null,
        1,
        0,
        null,
        null,
        1,
        72,
        34,
        37,
        1,
        null,
        null,
        null,
        1,
        5,
        null,
        3,
        null,
        null,
        2,
        null,
        null,
        null,
        1,
        7,
        7,
        7,
        7,
        7,
        7,
        7,
        1,
        null,
        7,
        1,
        null,
        7,
        null,
        null,
        1,
        0,
        0,
        null,
        null,
        1,
        0,
        0,
        0,
        0,
        null,
        0,
        null,
        null,
        null,
        1,
        0,
        null,
        null,
        1,
        0,
        null,
        null,
        1,
        22,
        10,
        12,
        5,
        null,
        7,
        null,
        null,
        null,
        1,
        10,
        3,
        7,
        0,
        7,
        1,
        null,
        6,
        null,
        null,
        null,
        1,
        3,
        3,
        3,
        null,
        null,
        1,
        0,
        0,
        null,
        0,
        0,
        0,
        null,
        0,
        null,
        null,
        null,
        null,
        1,
        1,
        0,
        null,
        1,
        1,
        1,
        null,
        0,
        null,
        null,
        null,
        null,
        1,
        0,
        0,
        0,
        0,
        null,
        0,
        0,
        0,
        null,
        null,
        null,
        1,
        6,
        1,
        null,
        5,
        null,
        null,
        null,
        1,
        2,
        2,
        2,
        null,
        null,
        1,
        2,
        2,
        2,
        null,
        null,
        1,
        16,
        null,
        null,
        1,
        null,
        1,
        34,
        null,
        null,
        1,
        37,
        null,
        null,
        1,
        5,
        2,
        null,
        3,
        null,
        null,
        null,
        1,
        0,
        0,
        0,
        0,
        0,
        null,
        null,
        1,
        null,
        1,
        13,
        null,
        6,
        null,
        4,
        3,
        null,
        null,
        null,
        1,
        6,
        6,
        null,
        0,
        null,
        null,
        null,
        1,
        4,
        4,
        null,
        0,
        null,
        null,
        null,
        1,
        64,
        64,
        64,
        64,
        null,
        null,
        null
      ],
      "/home/mccorner/Dokumenty/5-rok/rubi/lib/empty_node.rb": [
        1,
        null,
        1,
        1,
        2,
        null,
        null,
        1,
        48,
        null,
        null,
        1,
        0,
        null,
        null,
        1,
        0,
        null,
        null,
        1,
        0,
        null,
        null,
        null
      ]
    },
    "timestamp": 1477760822
  }
}
